{
  "stats": {
    "suites": 1,
    "tests": 1,
    "passes": 1,
    "pending": 0,
    "failures": 0,
    "start": "2020-04-20T23:30:27.880Z",
    "end": "2020-04-20T23:30:42.915Z",
    "duration": 15035,
    "testsRegistered": 1,
    "passPercent": 100,
    "pendingPercent": 0,
    "other": 0,
    "hasOther": false,
    "skipped": 0,
    "hasSkipped": false
  },
  "results": [
    {
      "uuid": "f7e64821-d864-4ab5-89bb-327412ffa6bb",
      "title": "",
      "fullFile": "cypress\\integration\\Tests\\Login_demoTest_Second.spec.js",
      "file": "cypress\\integration\\Tests\\Login_demoTest_Second.spec.js",
      "beforeHooks": [],
      "afterHooks": [],
      "tests": [],
      "suites": [
        {
          "uuid": "d0843b77-ca0c-409a-aaf1-0c0d3fc66a0d",
          "title": "Login Member",
          "fullFile": "",
          "file": "",
          "beforeHooks": [],
          "afterHooks": [],
          "tests": [
            {
              "title": "This is Login Test",
              "fullTitle": "Login Member This is Login Test",
              "timedOut": null,
              "duration": 11222,
              "state": "passed",
              "speed": "slow",
              "pass": true,
              "fail": false,
              "pending": false,
              "context": null,
              "code": "var HomePageObject = new HomePage_Demo_1.default();\nHomePageObject.OpenLoginPage();\nvar LoginPageDemoObject = new LoginPageDemo_1.default();\nLoginPageDemoObject.Login(\"moha12345@gmail.com\", \"Bm0123456789\");",
              "err": {},
              "uuid": "8827af9e-d88e-4c9b-9361-179eff017bed",
              "parentUUID": "d0843b77-ca0c-409a-aaf1-0c0d3fc66a0d",
              "isHook": false,
              "skipped": false
            }
          ],
          "suites": [],
          "passes": [
            "8827af9e-d88e-4c9b-9361-179eff017bed"
          ],
          "failures": [],
          "pending": [],
          "skipped": [],
          "duration": 11222,
          "root": false,
          "rootEmpty": false,
          "_timeout": 2000
        }
      ],
      "passes": [],
      "failures": [],
      "pending": [],
      "skipped": [],
      "duration": 0,
      "root": true,
      "rootEmpty": true,
      "_timeout": 2000
    }
  ],
  "meta": {
    "mocha": {
      "version": "7.1.1"
    },
    "mochawesome": {
      "options": {
        "quiet": false,
        "reportFilename": "mochawesome",
        "saveHtml": true,
        "saveJson": true,
        "consoleReporter": "spec",
        "useInlineDiffs": false,
        "code": true
      },
      "version": "5.0.0"
    },
    "marge": {
      "options": {
        "id": "default",
        "reportDir": "cypress/reports/mocha",
        "quite": true,
        "overwrite": false,
        "html": true,
        "json": true
      },
      "version": "4.1.0"
    }
  }
}