{
  "stats": {
    "suites": 1,
    "tests": 1,
    "passes": 1,
    "pending": 0,
    "failures": 0,
    "start": "2020-04-18T23:04:54.114Z",
    "end": "2020-04-18T23:05:05.340Z",
    "duration": 11226,
    "testsRegistered": 1,
    "passPercent": 100,
    "pendingPercent": 0,
    "other": 0,
    "hasOther": false,
    "skipped": 0,
    "hasSkipped": false
  },
  "results": [
    {
      "uuid": "604e0482-21c4-4df6-9a8c-2f3d4d9992ae",
      "title": "",
      "fullFile": "cypress\\integration\\Tests\\Login_demoTest.spec.js",
      "file": "cypress\\integration\\Tests\\Login_demoTest.spec.js",
      "beforeHooks": [],
      "afterHooks": [],
      "tests": [],
      "suites": [
        {
          "uuid": "1fae2120-0990-4216-a0a3-9cd0ea9141c6",
          "title": "Login Member",
          "fullFile": "",
          "file": "",
          "beforeHooks": [],
          "afterHooks": [],
          "tests": [
            {
              "title": "This is Login Test",
              "fullTitle": "Login Member This is Login Test",
              "timedOut": null,
              "duration": 7677,
              "state": "passed",
              "speed": "slow",
              "pass": true,
              "fail": false,
              "pending": false,
              "context": null,
              "code": "var HomePageObject = new HomePage_Demo_1.default();\nHomePageObject.OpenLoginPage();\nvar LoginPageDemoObject = new LoginPageDemo_1.default();\nLoginPageDemoObject.Login(\"moha12345@gmail.com\", \"Bm0123456789\");",
              "err": {},
              "uuid": "b7061450-dada-4e51-ae52-4d26003a00b0",
              "parentUUID": "1fae2120-0990-4216-a0a3-9cd0ea9141c6",
              "isHook": false,
              "skipped": false
            }
          ],
          "suites": [],
          "passes": [
            "b7061450-dada-4e51-ae52-4d26003a00b0"
          ],
          "failures": [],
          "pending": [],
          "skipped": [],
          "duration": 7677,
          "root": false,
          "rootEmpty": false,
          "_timeout": 2000
        }
      ],
      "passes": [],
      "failures": [],
      "pending": [],
      "skipped": [],
      "duration": 0,
      "root": true,
      "rootEmpty": true,
      "_timeout": 2000
    }
  ],
  "meta": {
    "mocha": {
      "version": "7.1.1"
    },
    "mochawesome": {
      "options": {
        "quiet": false,
        "reportFilename": "mochawesome",
        "saveHtml": true,
        "saveJson": true,
        "consoleReporter": "spec",
        "useInlineDiffs": false,
        "code": true
      },
      "version": "5.0.0"
    },
    "marge": {
      "options": {
        "id": "default",
        "reportDir": "cypress/reports/mocha",
        "quite": true,
        "overwrite": true,
        "html": true,
        "json": true
      },
      "version": "4.1.0"
    }
  }
}