{
  "stats": {
    "suites": 1,
    "tests": 1,
    "passes": 1,
    "pending": 0,
    "failures": 0,
    "start": "2020-04-20T23:30:49.819Z",
    "end": "2020-04-20T23:31:00.837Z",
    "duration": 11018,
    "testsRegistered": 1,
    "passPercent": 100,
    "pendingPercent": 0,
    "other": 0,
    "hasOther": false,
    "skipped": 0,
    "hasSkipped": false
  },
  "results": [
    {
      "uuid": "c49a346d-b294-429a-8919-58c515cf63a5",
      "title": "",
      "fullFile": "cypress\\integration\\Tests\\Login_demoTest.spec.js",
      "file": "cypress\\integration\\Tests\\Login_demoTest.spec.js",
      "beforeHooks": [],
      "afterHooks": [],
      "tests": [],
      "suites": [
        {
          "uuid": "9d0c45a9-628e-4a1d-81de-d00da08a1f30",
          "title": "Login Member",
          "fullFile": "",
          "file": "",
          "beforeHooks": [],
          "afterHooks": [],
          "tests": [
            {
              "title": "This is Login Test",
              "fullTitle": "Login Member This is Login Test",
              "timedOut": null,
              "duration": 7830,
              "state": "passed",
              "speed": "slow",
              "pass": true,
              "fail": false,
              "pending": false,
              "context": null,
              "code": "var HomePageObject = new HomePage_Demo_1.default();\nHomePageObject.OpenLoginPage();\nvar LoginPageDemoObject = new LoginPageDemo_1.default();\nLoginPageDemoObject.Login(\"moha12345@gmail.com\", \"Bm0123456789\");",
              "err": {},
              "uuid": "95b1f824-6f0e-4c08-b617-4b355c811d19",
              "parentUUID": "9d0c45a9-628e-4a1d-81de-d00da08a1f30",
              "isHook": false,
              "skipped": false
            }
          ],
          "suites": [],
          "passes": [
            "95b1f824-6f0e-4c08-b617-4b355c811d19"
          ],
          "failures": [],
          "pending": [],
          "skipped": [],
          "duration": 7830,
          "root": false,
          "rootEmpty": false,
          "_timeout": 2000
        }
      ],
      "passes": [],
      "failures": [],
      "pending": [],
      "skipped": [],
      "duration": 0,
      "root": true,
      "rootEmpty": true,
      "_timeout": 2000
    }
  ],
  "meta": {
    "mocha": {
      "version": "7.1.1"
    },
    "mochawesome": {
      "options": {
        "quiet": false,
        "reportFilename": "mochawesome",
        "saveHtml": true,
        "saveJson": true,
        "consoleReporter": "spec",
        "useInlineDiffs": false,
        "code": true
      },
      "version": "5.0.0"
    },
    "marge": {
      "options": {
        "id": "default",
        "reportDir": "cypress/reports/mocha",
        "quite": true,
        "overwrite": false,
        "html": true,
        "json": true
      },
      "version": "4.1.0"
    }
  }
}